Traceback (most recent call last):
  File "/opt/miniconda3/envs/jupyter-book/lib/python3.7/site-packages/jupyter_cache/executors/utils.py", line 56, in single_nb_execution
    record_timing=False,
  File "/opt/miniconda3/envs/jupyter-book/lib/python3.7/site-packages/nbclient/client.py", line 1112, in execute
    return NotebookClient(nb=nb, resources=resources, km=km, **kwargs).execute()
  File "/opt/miniconda3/envs/jupyter-book/lib/python3.7/site-packages/nbclient/util.py", line 74, in wrapped
    return just_run(coro(*args, **kwargs))
  File "/opt/miniconda3/envs/jupyter-book/lib/python3.7/site-packages/nbclient/util.py", line 53, in just_run
    return loop.run_until_complete(coro)
  File "/opt/miniconda3/envs/jupyter-book/lib/python3.7/asyncio/base_events.py", line 587, in run_until_complete
    return future.result()
  File "/opt/miniconda3/envs/jupyter-book/lib/python3.7/site-packages/nbclient/client.py", line 554, in async_execute
    cell, index, execution_count=self.code_cells_executed + 1
  File "/opt/miniconda3/envs/jupyter-book/lib/python3.7/site-packages/nbclient/client.py", line 857, in async_execute_cell
    self._check_raise_for_error(cell, exec_reply)
  File "/opt/miniconda3/envs/jupyter-book/lib/python3.7/site-packages/nbclient/client.py", line 760, in _check_raise_for_error
    raise CellExecutionError.from_cell_and_msg(cell, exec_reply_content)
nbclient.exceptions.CellExecutionError: An error occurred while executing the following cell:
------------------
# åˆ›å»ºä¸€ä¸ªæ–°çš„ dataarrayï¼Œå…¶å½¢çŠ¶å’Œ sst ä¸€æ ·ï¼Œä½†æ˜¯æ•°æ®ç±»åž‹æ˜¯åˆ†ç±»ï¼ˆcategoryï¼‰
# oni æ˜¯ä½ åœ¨ä½œä¸š2ä¸­åˆ›å»ºçš„Nino3.4æŒ‡æ•°

nino34 = xr.full_like(oni, 'none', dtype='U4')
nino34[oni >= 0.5] = 'nino'
nino34[oni <= -0.5] = 'nina'
nino34
------------------

[0;31m---------------------------------------------------------------------------[0m
[0;31mNameError[0m                                 Traceback (most recent call last)
[0;32m<ipython-input-14-8d6d8f158347>[0m in [0;36m<module>[0;34m[0m
[1;32m      2[0m [0;31m# oni æ˜¯ä½ åœ¨ä½œä¸š2ä¸­åˆ›å»ºçš„Nino3.4æŒ‡æ•°[0m[0;34m[0m[0;34m[0m[0;34m[0m[0m
[1;32m      3[0m [0;34m[0m[0m
[0;32m----> 4[0;31m [0mnino34[0m [0;34m=[0m [0mxr[0m[0;34m.[0m[0mfull_like[0m[0;34m([0m[0moni[0m[0;34m,[0m [0;34m'none'[0m[0;34m,[0m [0mdtype[0m[0;34m=[0m[0;34m'U4'[0m[0;34m)[0m[0;34m[0m[0;34m[0m[0m
[0m[1;32m      5[0m [0mnino34[0m[0;34m[[0m[0moni[0m [0;34m>=[0m [0;36m0.5[0m[0;34m][0m [0;34m=[0m [0;34m'nino'[0m[0;34m[0m[0;34m[0m[0m
[1;32m      6[0m [0mnino34[0m[0;34m[[0m[0moni[0m [0;34m<=[0m [0;34m-[0m[0;36m0.5[0m[0;34m][0m [0;34m=[0m [0;34m'nina'[0m[0;34m[0m[0;34m[0m[0m

[0;31mNameError[0m: name 'oni' is not defined
NameError: name 'oni' is not defined

